<?xml version="1.0" encoding="UTF-8"?>
<!-- Generated by org.testng.reporters.JUnitReportReporter -->
<testsuite hostname="DESKTOP-645HDPG" name="LoginWithFacebookTest" tests="1" failures="0" timestamp="20 Sep 2019 11:15:49 GMT" time="87.556" errors="0">
  <testcase name="login" time="87.556" classname="LoginWithFacebookTest"/>
</testsuite> <!-- LoginWithFacebookTest -->
