<?xml version="1.0" encoding="UTF-8"?>
<!-- Generated by org.testng.reporters.JUnitReportReporter -->
<testsuite hostname="DESKTOP-645HDPG" name="LoginTest" tests="2" failures="0" timestamp="20 Sep 2019 08:55:30 GMT" time="78.320" errors="0">
  <testcase name="login" time="17.495" classname="LoginTest"/>
  <testcase name="login" time="60.825" classname="LoginTest"/>
</testsuite> <!-- LoginTest -->
