<?xml version="1.0" encoding="UTF-8"?>
<!-- Generated by org.testng.reporters.JUnitReportReporter -->
<testsuite hostname="DESKTOP-645HDPG" name="Hotwire_search_Test" tests="1" failures="0" timestamp="13 Nov 2019 11:16:00 GMT" time="53.961" errors="0">
  <testcase name="Search" time="53.961" classname="Hotwire_search_Test"/>
</testsuite> <!-- Hotwire_search_Test -->
